Compilation failed:
    source file: '/home/pi/opencv/opencv-4.1.2/cmake/checks/atomic_check.cpp'
    check option: ''
===== BUILD LOG =====
Change Dir: /home/pi/opencv/opencv-4.1.2/build/CMakeFiles/CMakeTmp

Run Build Command:"/usr/bin/make" "cmTC_bb290/fast"
/usr/bin/make -f CMakeFiles/cmTC_bb290.dir/build.make CMakeFiles/cmTC_bb290.dir/build
make[1]: 디렉터리 '/home/pi/opencv/opencv-4.1.2/build/CMakeFiles/CMakeTmp' 들어감
Building CXX object CMakeFiles/cmTC_bb290.dir/atomic_check.cpp.o
/usr/bin/c++    -fPIE   -std=c++11 -o CMakeFiles/cmTC_bb290.dir/atomic_check.cpp.o -c /home/pi/opencv/opencv-4.1.2/cmake/checks/atomic_check.cpp
Linking CXX executable cmTC_bb290
/usr/bin/cmake -E cmake_link_script CMakeFiles/cmTC_bb290.dir/link.txt --verbose=1
/usr/bin/c++       CMakeFiles/cmTC_bb290.dir/atomic_check.cpp.o  -o cmTC_bb290 
/usr/bin/ld: CMakeFiles/cmTC_bb290.dir/atomic_check.cpp.o: in function `std::__atomic_base<long long>::operator long long() const':
atomic_check.cpp:(.text._ZNKSt13__atomic_baseIxEcvxEv[_ZNKSt13__atomic_baseIxEcvxEv]+0x40): undefined reference to `__atomic_load_8'
collect2: error: ld returned 1 exit status
make[1]: *** [CMakeFiles/cmTC_bb290.dir/build.make:87: cmTC_bb290] 오류 1
make[1]: 디렉터리 '/home/pi/opencv/opencv-4.1.2/build/CMakeFiles/CMakeTmp' 나감
make: *** [Makefile:121: cmTC_bb290/fast] 오류 2

===== END =====

Build output check failed:
    Regex: 'command line option .* is valid for .* but not for C\+\+'
    Output line: 'cc1plus: warning: command line option ‘-Wmissing-prototypes’ is valid for C/ObjC but not for C++'
Compilation failed:
    source file: '/home/pi/opencv/opencv-4.1.2/build/CMakeFiles/CMakeTmp/src.cxx'
    check option: ' -fsigned-char -W -Wall -Werror=return-type -Werror=non-virtual-dtor -Werror=address -Werror=sequence-point -Wformat -Werror=format-security -Wmissing-declarations  -Wmissing-prototypes'
===== BUILD LOG =====
Change Dir: /home/pi/opencv/opencv-4.1.2/build/CMakeFiles/CMakeTmp

Run Build Command:"/usr/bin/make" "cmTC_106b0/fast"
/usr/bin/make -f CMakeFiles/cmTC_106b0.dir/build.make CMakeFiles/cmTC_106b0.dir/build
make[1]: 디렉터리 '/home/pi/opencv/opencv-4.1.2/build/CMakeFiles/CMakeTmp' 들어감
Building CXX object CMakeFiles/cmTC_106b0.dir/src.cxx.o
/usr/bin/c++    -fPIE   -fsigned-char -W -Wall -Werror=return-type -Werror=non-virtual-dtor -Werror=address -Werror=sequence-point -Wformat -Werror=format-security -Wmissing-declarations -Wmissing-prototypes -std=c++11 -o CMakeFiles/cmTC_106b0.dir/src.cxx.o -c /home/pi/opencv/opencv-4.1.2/build/CMakeFiles/CMakeTmp/src.cxx
cc1plus: warning: command line option ‘-Wmissing-prototypes’ is valid for C/ObjC but not for C++
/home/pi/opencv/opencv-4.1.2/build/CMakeFiles/CMakeTmp/src.cxx:1: warning: ignoring #pragma   [-Wunknown-pragmas]
 #pragma
 
Linking CXX executable cmTC_106b0
/usr/bin/cmake -E cmake_link_script CMakeFiles/cmTC_106b0.dir/link.txt --verbose=1
/usr/bin/c++       CMakeFiles/cmTC_106b0.dir/src.cxx.o  -o cmTC_106b0 -latomic 
make[1]: 디렉터리 '/home/pi/opencv/opencv-4.1.2/build/CMakeFiles/CMakeTmp' 나감

===== END =====

Build output check failed:
    Regex: 'command line option .* is valid for .* but not for C\+\+'
    Output line: 'cc1plus: warning: command line option ‘-Wstrict-prototypes’ is valid for C/ObjC but not for C++'
Compilation failed:
    source file: '/home/pi/opencv/opencv-4.1.2/build/CMakeFiles/CMakeTmp/src.cxx'
    check option: ' -fsigned-char -W -Wall -Werror=return-type -Werror=non-virtual-dtor -Werror=address -Werror=sequence-point -Wformat -Werror=format-security -Wmissing-declarations  -Wstrict-prototypes'
===== BUILD LOG =====
Change Dir: /home/pi/opencv/opencv-4.1.2/build/CMakeFiles/CMakeTmp

Run Build Command:"/usr/bin/make" "cmTC_567d8/fast"
/usr/bin/make -f CMakeFiles/cmTC_567d8.dir/build.make CMakeFiles/cmTC_567d8.dir/build
make[1]: 디렉터리 '/home/pi/opencv/opencv-4.1.2/build/CMakeFiles/CMakeTmp' 들어감
Building CXX object CMakeFiles/cmTC_567d8.dir/src.cxx.o
/usr/bin/c++    -fPIE   -fsigned-char -W -Wall -Werror=return-type -Werror=non-virtual-dtor -Werror=address -Werror=sequence-point -Wformat -Werror=format-security -Wmissing-declarations -Wstrict-prototypes -std=c++11 -o CMakeFiles/cmTC_567d8.dir/src.cxx.o -c /home/pi/opencv/opencv-4.1.2/build/CMakeFiles/CMakeTmp/src.cxx
cc1plus: warning: command line option ‘-Wstrict-prototypes’ is valid for C/ObjC but not for C++
/home/pi/opencv/opencv-4.1.2/build/CMakeFiles/CMakeTmp/src.cxx:1: warning: ignoring #pragma   [-Wunknown-pragmas]
 #pragma
 
Linking CXX executable cmTC_567d8
/usr/bin/cmake -E cmake_link_script CMakeFiles/cmTC_567d8.dir/link.txt --verbose=1
/usr/bin/c++       CMakeFiles/cmTC_567d8.dir/src.cxx.o  -o cmTC_567d8 -latomic 
make[1]: 디렉터리 '/home/pi/opencv/opencv-4.1.2/build/CMakeFiles/CMakeTmp' 나감

===== END =====

Build output check failed:
    Regex: 'command line option .* is valid for .* but not for C'
    Output line: 'cc1: warning: command line option ‘-Wsign-promo’ is valid for C++/ObjC++ but not for C'
Compilation failed:
    source file: '/home/pi/opencv/opencv-4.1.2/build/CMakeFiles/CMakeTmp/src.c'
    check option: ' -fsigned-char -W -Wall -Werror=return-type -Werror=non-virtual-dtor -Werror=address -Werror=sequence-point -Wformat -Werror=format-security -Wmissing-declarations -Wmissing-prototypes -Wstrict-prototypes -Wundef -Winit-self -Wpointer-arith -Wshadow  -Wsign-promo'
===== BUILD LOG =====
Change Dir: /home/pi/opencv/opencv-4.1.2/build/CMakeFiles/CMakeTmp

Run Build Command:"/usr/bin/make" "cmTC_6729c/fast"
/usr/bin/make -f CMakeFiles/cmTC_6729c.dir/build.make CMakeFiles/cmTC_6729c.dir/build
make[1]: 디렉터리 '/home/pi/opencv/opencv-4.1.2/build/CMakeFiles/CMakeTmp' 들어감
Building C object CMakeFiles/cmTC_6729c.dir/src.c.o
/usr/bin/cc   -fPIE   -fsigned-char -W -Wall -Werror=return-type -Werror=non-virtual-dtor -Werror=address -Werror=sequence-point -Wformat -Werror=format-security -Wmissing-declarations -Wmissing-prototypes -Wstrict-prototypes -Wundef -Winit-self -Wpointer-arith -Wshadow -Wsign-promo -o CMakeFiles/cmTC_6729c.dir/src.c.o   -c /home/pi/opencv/opencv-4.1.2/build/CMakeFiles/CMakeTmp/src.c
cc1: warning: command line option ‘-Wsign-promo’ is valid for C++/ObjC++ but not for C
/home/pi/opencv/opencv-4.1.2/build/CMakeFiles/CMakeTmp/src.c:1: warning: ignoring #pragma   [-Wunknown-pragmas]
 #pragma
 
Linking C executable cmTC_6729c
/usr/bin/cmake -E cmake_link_script CMakeFiles/cmTC_6729c.dir/link.txt --verbose=1
/usr/bin/cc      CMakeFiles/cmTC_6729c.dir/src.c.o  -o cmTC_6729c -latomic 
make[1]: 디렉터리 '/home/pi/opencv/opencv-4.1.2/build/CMakeFiles/CMakeTmp' 나감

===== END =====

Build output check failed:
    Regex: 'command line option .* is valid for .* but not for C'
    Output line: 'cc1: warning: command line option ‘-Wsuggest-override’ is valid for C++/ObjC++ but not for C'
Compilation failed:
    source file: '/home/pi/opencv/opencv-4.1.2/build/CMakeFiles/CMakeTmp/src.c'
    check option: ' -fsigned-char -W -Wall -Werror=return-type -Werror=non-virtual-dtor -Werror=address -Werror=sequence-point -Wformat -Werror=format-security -Wmissing-declarations -Wmissing-prototypes -Wstrict-prototypes -Wundef -Winit-self -Wpointer-arith -Wshadow -Wuninitialized -Winit-self  -Wsuggest-override'
===== BUILD LOG =====
Change Dir: /home/pi/opencv/opencv-4.1.2/build/CMakeFiles/CMakeTmp

Run Build Command:"/usr/bin/make" "cmTC_1b0fe/fast"
/usr/bin/make -f CMakeFiles/cmTC_1b0fe.dir/build.make CMakeFiles/cmTC_1b0fe.dir/build
make[1]: 디렉터리 '/home/pi/opencv/opencv-4.1.2/build/CMakeFiles/CMakeTmp' 들어감
Building C object CMakeFiles/cmTC_1b0fe.dir/src.c.o
/usr/bin/cc   -fPIE   -fsigned-char -W -Wall -Werror=return-type -Werror=non-virtual-dtor -Werror=address -Werror=sequence-point -Wformat -Werror=format-security -Wmissing-declarations -Wmissing-prototypes -Wstrict-prototypes -Wundef -Winit-self -Wpointer-arith -Wshadow -Wuninitialized -Winit-self -Wsuggest-override -o CMakeFiles/cmTC_1b0fe.dir/src.c.o   -c /home/pi/opencv/opencv-4.1.2/build/CMakeFiles/CMakeTmp/src.c
cc1: warning: command line option ‘-Wsuggest-override’ is valid for C++/ObjC++ but not for C
/home/pi/opencv/opencv-4.1.2/build/CMakeFiles/CMakeTmp/src.c:1: warning: ignoring #pragma   [-Wunknown-pragmas]
 #pragma
 
Linking C executable cmTC_1b0fe
/usr/bin/cmake -E cmake_link_script CMakeFiles/cmTC_1b0fe.dir/link.txt --verbose=1
/usr/bin/cc      CMakeFiles/cmTC_1b0fe.dir/src.c.o  -o cmTC_1b0fe -latomic 
make[1]: 디렉터리 '/home/pi/opencv/opencv-4.1.2/build/CMakeFiles/CMakeTmp' 나감

===== END =====

Build output check failed:
    Regex: 'command line option .* is valid for .* but not for C'
    Output line: 'cc1: warning: command line option ‘-Wno-delete-non-virtual-dtor’ is valid for C++/ObjC++ but not for C'
Compilation failed:
    source file: '/home/pi/opencv/opencv-4.1.2/build/CMakeFiles/CMakeTmp/src.c'
    check option: ' -fsigned-char -W -Wall -Werror=return-type -Werror=non-virtual-dtor -Werror=address -Werror=sequence-point -Wformat -Werror=format-security -Wmissing-declarations -Wmissing-prototypes -Wstrict-prototypes -Wundef -Winit-self -Wpointer-arith -Wshadow -Wuninitialized -Winit-self  -Wno-delete-non-virtual-dtor'
===== BUILD LOG =====
Change Dir: /home/pi/opencv/opencv-4.1.2/build/CMakeFiles/CMakeTmp

Run Build Command:"/usr/bin/make" "cmTC_db7eb/fast"
/usr/bin/make -f CMakeFiles/cmTC_db7eb.dir/build.make CMakeFiles/cmTC_db7eb.dir/build
make[1]: 디렉터리 '/home/pi/opencv/opencv-4.1.2/build/CMakeFiles/CMakeTmp' 들어감
Building C object CMakeFiles/cmTC_db7eb.dir/src.c.o
/usr/bin/cc   -fPIE   -fsigned-char -W -Wall -Werror=return-type -Werror=non-virtual-dtor -Werror=address -Werror=sequence-point -Wformat -Werror=format-security -Wmissing-declarations -Wmissing-prototypes -Wstrict-prototypes -Wundef -Winit-self -Wpointer-arith -Wshadow -Wuninitialized -Winit-self -Wno-delete-non-virtual-dtor -o CMakeFiles/cmTC_db7eb.dir/src.c.o   -c /home/pi/opencv/opencv-4.1.2/build/CMakeFiles/CMakeTmp/src.c
cc1: warning: command line option ‘-Wno-delete-non-virtual-dtor’ is valid for C++/ObjC++ but not for C
/home/pi/opencv/opencv-4.1.2/build/CMakeFiles/CMakeTmp/src.c:1: warning: ignoring #pragma   [-Wunknown-pragmas]
 #pragma
 
Linking C executable cmTC_db7eb
/usr/bin/cmake -E cmake_link_script CMakeFiles/cmTC_db7eb.dir/link.txt --verbose=1
/usr/bin/cc      CMakeFiles/cmTC_db7eb.dir/src.c.o  -o cmTC_db7eb -latomic 
make[1]: 디렉터리 '/home/pi/opencv/opencv-4.1.2/build/CMakeFiles/CMakeTmp' 나감

===== END =====

Build output check failed:
    Regex: 'unrecognized .*option'
    Output line: 'cc1plus: warning: unrecognized command line option ‘-Wno-unnamed-type-template-args’'
Compilation failed:
    source file: '/home/pi/opencv/opencv-4.1.2/build/CMakeFiles/CMakeTmp/src.cxx'
    check option: ' -fsigned-char -W -Wall -Werror=return-type -Werror=non-virtual-dtor -Werror=address -Werror=sequence-point -Wformat -Werror=format-security -Wmissing-declarations -Wundef -Winit-self -Wpointer-arith -Wshadow -Wsign-promo -Wuninitialized -Winit-self -Wsuggest-override -Wno-delete-non-virtual-dtor  -Wno-unnamed-type-template-args'
===== BUILD LOG =====
Change Dir: /home/pi/opencv/opencv-4.1.2/build/CMakeFiles/CMakeTmp

Run Build Command:"/usr/bin/make" "cmTC_b9c4c/fast"
/usr/bin/make -f CMakeFiles/cmTC_b9c4c.dir/build.make CMakeFiles/cmTC_b9c4c.dir/build
make[1]: 디렉터리 '/home/pi/opencv/opencv-4.1.2/build/CMakeFiles/CMakeTmp' 들어감
Building CXX object CMakeFiles/cmTC_b9c4c.dir/src.cxx.o
/usr/bin/c++    -fPIE   -fsigned-char -W -Wall -Werror=return-type -Werror=non-virtual-dtor -Werror=address -Werror=sequence-point -Wformat -Werror=format-security -Wmissing-declarations -Wundef -Winit-self -Wpointer-arith -Wshadow -Wsign-promo -Wuninitialized -Winit-self -Wsuggest-override -Wno-delete-non-virtual-dtor -Wno-unnamed-type-template-args -std=c++11 -o CMakeFiles/cmTC_b9c4c.dir/src.cxx.o -c /home/pi/opencv/opencv-4.1.2/build/CMakeFiles/CMakeTmp/src.cxx
/home/pi/opencv/opencv-4.1.2/build/CMakeFiles/CMakeTmp/src.cxx:1: warning: ignoring #pragma   [-Wunknown-pragmas]
 #pragma
 
cc1plus: warning: unrecognized command line option ‘-Wno-unnamed-type-template-args’
Linking CXX executable cmTC_b9c4c
/usr/bin/cmake -E cmake_link_script CMakeFiles/cmTC_b9c4c.dir/link.txt --verbose=1
/usr/bin/c++       CMakeFiles/cmTC_b9c4c.dir/src.cxx.o  -o cmTC_b9c4c -latomic 
make[1]: 디렉터리 '/home/pi/opencv/opencv-4.1.2/build/CMakeFiles/CMakeTmp' 나감

===== END =====

Build output check failed:
    Regex: 'unrecognized .*option'
    Output line: 'cc1: warning: unrecognized command line option ‘-Wno-unnamed-type-template-args’'
Compilation failed:
    source file: '/home/pi/opencv/opencv-4.1.2/build/CMakeFiles/CMakeTmp/src.c'
    check option: ' -fsigned-char -W -Wall -Werror=return-type -Werror=non-virtual-dtor -Werror=address -Werror=sequence-point -Wformat -Werror=format-security -Wmissing-declarations -Wmissing-prototypes -Wstrict-prototypes -Wundef -Winit-self -Wpointer-arith -Wshadow -Wuninitialized -Winit-self  -Wno-unnamed-type-template-args'
===== BUILD LOG =====
Change Dir: /home/pi/opencv/opencv-4.1.2/build/CMakeFiles/CMakeTmp

Run Build Command:"/usr/bin/make" "cmTC_36f17/fast"
/usr/bin/make -f CMakeFiles/cmTC_36f17.dir/build.make CMakeFiles/cmTC_36f17.dir/build
make[1]: 디렉터리 '/home/pi/opencv/opencv-4.1.2/build/CMakeFiles/CMakeTmp' 들어감
Building C object CMakeFiles/cmTC_36f17.dir/src.c.o
/usr/bin/cc   -fPIE   -fsigned-char -W -Wall -Werror=return-type -Werror=non-virtual-dtor -Werror=address -Werror=sequence-point -Wformat -Werror=format-security -Wmissing-declarations -Wmissing-prototypes -Wstrict-prototypes -Wundef -Winit-self -Wpointer-arith -Wshadow -Wuninitialized -Winit-self -Wno-unnamed-type-template-args -o CMakeFiles/cmTC_36f17.dir/src.c.o   -c /home/pi/opencv/opencv-4.1.2/build/CMakeFiles/CMakeTmp/src.c
/home/pi/opencv/opencv-4.1.2/build/CMakeFiles/CMakeTmp/src.c:1: warning: ignoring #pragma   [-Wunknown-pragmas]
 #pragma
 
cc1: warning: unrecognized command line option ‘-Wno-unnamed-type-template-args’
Linking C executable cmTC_36f17
/usr/bin/cmake -E cmake_link_script CMakeFiles/cmTC_36f17.dir/link.txt --verbose=1
/usr/bin/cc      CMakeFiles/cmTC_36f17.dir/src.c.o  -o cmTC_36f17 -latomic 
make[1]: 디렉터리 '/home/pi/opencv/opencv-4.1.2/build/CMakeFiles/CMakeTmp' 나감

===== END =====

Compilation failed:
    source file: '/home/pi/opencv/opencv-4.1.2/cmake/checks/cpu_neon.cpp'
    check option: ''
===== BUILD LOG =====
Change Dir: /home/pi/opencv/opencv-4.1.2/build/CMakeFiles/CMakeTmp

Run Build Command:"/usr/bin/make" "cmTC_dd421/fast"
/usr/bin/make -f CMakeFiles/cmTC_dd421.dir/build.make CMakeFiles/cmTC_dd421.dir/build
make[1]: 디렉터리 '/home/pi/opencv/opencv-4.1.2/build/CMakeFiles/CMakeTmp' 들어감
Building CXX object CMakeFiles/cmTC_dd421.dir/cpu_neon.cpp.o
/usr/bin/c++    -fPIE   -std=c++11 -o CMakeFiles/cmTC_dd421.dir/cpu_neon.cpp.o -c /home/pi/opencv/opencv-4.1.2/cmake/checks/cpu_neon.cpp
/home/pi/opencv/opencv-4.1.2/cmake/checks/cpu_neon.cpp:20:2: error: #error "NEON is not supported"
 #error "NEON is not supported"
  ^~~~~
/home/pi/opencv/opencv-4.1.2/cmake/checks/cpu_neon.cpp: In function ‘int main()’:
/home/pi/opencv/opencv-4.1.2/cmake/checks/cpu_neon.cpp:25:18: error: ‘test’ was not declared in this scope
   printf("%d\n", test());
                  ^~~~
make[1]: *** [CMakeFiles/cmTC_dd421.dir/build.make:66: CMakeFiles/cmTC_dd421.dir/cpu_neon.cpp.o] 오류 1
make[1]: 디렉터리 '/home/pi/opencv/opencv-4.1.2/build/CMakeFiles/CMakeTmp' 나감
make: *** [Makefile:121: cmTC_dd421/fast] 오류 2

===== END =====

Compilation failed:
    source file: '/home/pi/opencv/opencv-4.1.2/cmake/checks/cpu_fp16.cpp'
    check option: ''
===== BUILD LOG =====
Change Dir: /home/pi/opencv/opencv-4.1.2/build/CMakeFiles/CMakeTmp

Run Build Command:"/usr/bin/make" "cmTC_ff978/fast"
/usr/bin/make -f CMakeFiles/cmTC_ff978.dir/build.make CMakeFiles/cmTC_ff978.dir/build
make[1]: 디렉터리 '/home/pi/opencv/opencv-4.1.2/build/CMakeFiles/CMakeTmp' 들어감
Building CXX object CMakeFiles/cmTC_ff978.dir/cpu_fp16.cpp.o
/usr/bin/c++    -fPIE   -std=c++11 -o CMakeFiles/cmTC_ff978.dir/cpu_fp16.cpp.o -c /home/pi/opencv/opencv-4.1.2/cmake/checks/cpu_fp16.cpp
/home/pi/opencv/opencv-4.1.2/cmake/checks/cpu_fp16.cpp: In function ‘int test()’:
/home/pi/opencv/opencv-4.1.2/cmake/checks/cpu_fp16.cpp:21:5: error: ‘float16x4_t’ was not declared in this scope
     float16x4_t v_dst = vcvt_f16_f32(v_src);
     ^~~~~~~~~~~
/home/pi/opencv/opencv-4.1.2/cmake/checks/cpu_fp16.cpp:21:5: note: suggested alternative: ‘float32x4_t’
     float16x4_t v_dst = vcvt_f16_f32(v_src);
     ^~~~~~~~~~~
     float32x4_t
/home/pi/opencv/opencv-4.1.2/cmake/checks/cpu_fp16.cpp:22:19: error: expected primary-expression before ‘)’ token
     *(float16x4_t*)dst = v_dst;
                   ^
make[1]: *** [CMakeFiles/cmTC_ff978.dir/build.make:66: CMakeFiles/cmTC_ff978.dir/cpu_fp16.cpp.o] 오류 1
make[1]: 디렉터리 '/home/pi/opencv/opencv-4.1.2/build/CMakeFiles/CMakeTmp' 나감
make: *** [Makefile:121: cmTC_ff978/fast] 오류 2

===== END =====

Build output check failed:
    Regex: 'command line option .* is valid for .* but not for C'
    Output line: 'cc1: warning: command line option ‘-fvisibility-inlines-hidden’ is valid for C++/ObjC++ but not for C'
Compilation failed:
    source file: '/home/pi/opencv/opencv-4.1.2/build/CMakeFiles/CMakeTmp/src.c'
    check option: ' -fsigned-char -W -Wall -Werror=return-type -Werror=non-virtual-dtor -Werror=address -Werror=sequence-point -Wformat -Werror=format-security -Wmissing-declarations -Wmissing-prototypes -Wstrict-prototypes -Wundef -Winit-self -Wpointer-arith -Wshadow -Wuninitialized -Winit-self -Wno-comment -Wimplicit-fallthrough=3 -Wno-strict-overflow -fdiagnostics-show-option -pthread -fomit-frame-pointer -ffunction-sections -fdata-sections  -fvisibility=hidden  -fvisibility-inlines-hidden'
===== BUILD LOG =====
Change Dir: /home/pi/opencv/opencv-4.1.2/build/CMakeFiles/CMakeTmp

Run Build Command:"/usr/bin/make" "cmTC_5cd82/fast"
/usr/bin/make -f CMakeFiles/cmTC_5cd82.dir/build.make CMakeFiles/cmTC_5cd82.dir/build
make[1]: 디렉터리 '/home/pi/opencv/opencv-4.1.2/build/CMakeFiles/CMakeTmp' 들어감
Building C object CMakeFiles/cmTC_5cd82.dir/src.c.o
/usr/bin/cc   -fPIE   -fsigned-char -W -Wall -Werror=return-type -Werror=non-virtual-dtor -Werror=address -Werror=sequence-point -Wformat -Werror=format-security -Wmissing-declarations -Wmissing-prototypes -Wstrict-prototypes -Wundef -Winit-self -Wpointer-arith -Wshadow -Wuninitialized -Winit-self -Wno-comment -Wimplicit-fallthrough=3 -Wno-strict-overflow -fdiagnostics-show-option -pthread -fomit-frame-pointer -ffunction-sections -fdata-sections -fvisibility=hidden -fvisibility-inlines-hidden -o CMakeFiles/cmTC_5cd82.dir/src.c.o   -c /home/pi/opencv/opencv-4.1.2/build/CMakeFiles/CMakeTmp/src.c
cc1: warning: command line option ‘-fvisibility-inlines-hidden’ is valid for C++/ObjC++ but not for C
/home/pi/opencv/opencv-4.1.2/build/CMakeFiles/CMakeTmp/src.c:1: warning: ignoring #pragma   [-Wunknown-pragmas]
 #pragma
 
Linking C executable cmTC_5cd82
/usr/bin/cmake -E cmake_link_script CMakeFiles/cmTC_5cd82.dir/link.txt --verbose=1
/usr/bin/cc      CMakeFiles/cmTC_5cd82.dir/src.c.o  -o cmTC_5cd82 -latomic 
make[1]: 디렉터리 '/home/pi/opencv/opencv-4.1.2/build/CMakeFiles/CMakeTmp' 나감

===== END =====

Build output check failed:
    Regex: 'unrecognized .*option'
    Output line: 'cc1plus: warning: unrecognized command line option ‘-Wno-inconsistent-missing-override’'
Compilation failed:
    source file: '/home/pi/opencv/opencv-4.1.2/build/CMakeFiles/CMakeTmp/src.cxx'
    check option: ' -Wno-inconsistent-missing-override'
===== BUILD LOG =====
Change Dir: /home/pi/opencv/opencv-4.1.2/build/CMakeFiles/CMakeTmp

Run Build Command:"/usr/bin/make" "cmTC_073c2/fast"
/usr/bin/make -f CMakeFiles/cmTC_073c2.dir/build.make CMakeFiles/cmTC_073c2.dir/build
make[1]: 디렉터리 '/home/pi/opencv/opencv-4.1.2/build/CMakeFiles/CMakeTmp' 들어감
Building CXX object CMakeFiles/cmTC_073c2.dir/src.cxx.o
/usr/bin/c++    -fsigned-char -W -Wall -Werror=return-type -Werror=non-virtual-dtor -Werror=address -Werror=sequence-point -Wformat -Werror=format-security -Winit-self -Wpointer-arith -Wsign-promo -Winit-self -Wno-delete-non-virtual-dtor -Wno-comment -Wimplicit-fallthrough=3 -Wno-strict-overflow -fdiagnostics-show-option -pthread -fomit-frame-pointer -ffunction-sections -fdata-sections  -fvisibility=hidden -fvisibility-inlines-hidden -Wno-shadow -Wno-unused -Wno-sign-compare -Wno-undef -Wno-missing-declarations -Wno-uninitialized -Wno-switch -Wno-parentheses -Wno-array-bounds -Wno-extra -Wno-deprecated-declarations -Wno-misleading-indentation -Wno-deprecated -Wno-suggest-override  -fPIE   -Wno-inconsistent-missing-override -std=c++11 -o CMakeFiles/cmTC_073c2.dir/src.cxx.o -c /home/pi/opencv/opencv-4.1.2/build/CMakeFiles/CMakeTmp/src.cxx
/home/pi/opencv/opencv-4.1.2/build/CMakeFiles/CMakeTmp/src.cxx:1: warning: ignoring #pragma   [-Wunknown-pragmas]
 #pragma
 
cc1plus: warning: unrecognized command line option ‘-Wno-inconsistent-missing-override’
Linking CXX executable cmTC_073c2
/usr/bin/cmake -E cmake_link_script CMakeFiles/cmTC_073c2.dir/link.txt --verbose=1
/usr/bin/c++     -fsigned-char -W -Wall -Werror=return-type -Werror=non-virtual-dtor -Werror=address -Werror=sequence-point -Wformat -Werror=format-security -Winit-self -Wpointer-arith -Wsign-promo -Winit-self -Wno-delete-non-virtual-dtor -Wno-comment -Wimplicit-fallthrough=3 -Wno-strict-overflow -fdiagnostics-show-option -pthread -fomit-frame-pointer -ffunction-sections -fdata-sections  -fvisibility=hidden -fvisibility-inlines-hidden -Wno-shadow -Wno-unused -Wno-sign-compare -Wno-undef -Wno-missing-declarations -Wno-uninitialized -Wno-switch -Wno-parentheses -Wno-array-bounds -Wno-extra -Wno-deprecated-declarations -Wno-misleading-indentation -Wno-deprecated -Wno-suggest-override     -Wl,--gc-sections  CMakeFiles/cmTC_073c2.dir/src.cxx.o  -o cmTC_073c2 -latomic 
make[1]: 디렉터리 '/home/pi/opencv/opencv-4.1.2/build/CMakeFiles/CMakeTmp' 나감

===== END =====

Build output check failed:
    Regex: 'command line option .* is valid for .* but not for C\+\+'
    Output line: 'cc1plus: warning: command line option ‘-Wno-missing-prototypes’ is valid for C/ObjC but not for C++'
Compilation failed:
    source file: '/home/pi/opencv/opencv-4.1.2/build/CMakeFiles/CMakeTmp/src.cxx'
    check option: ' -Wno-missing-prototypes'
===== BUILD LOG =====
Change Dir: /home/pi/opencv/opencv-4.1.2/build/CMakeFiles/CMakeTmp

Run Build Command:"/usr/bin/make" "cmTC_7cc0b/fast"
/usr/bin/make -f CMakeFiles/cmTC_7cc0b.dir/build.make CMakeFiles/cmTC_7cc0b.dir/build
make[1]: 디렉터리 '/home/pi/opencv/opencv-4.1.2/build/CMakeFiles/CMakeTmp' 들어감
Building CXX object CMakeFiles/cmTC_7cc0b.dir/src.cxx.o
/usr/bin/c++    -fsigned-char -W -Wall -Werror=return-type -Werror=non-virtual-dtor -Werror=address -Werror=sequence-point -Wformat -Werror=format-security -Winit-self -Wpointer-arith -Wsign-promo -Winit-self -Wno-delete-non-virtual-dtor -Wno-comment -Wno-strict-overflow -fdiagnostics-show-option -pthread -fomit-frame-pointer -ffunction-sections -fdata-sections  -fvisibility=hidden -fvisibility-inlines-hidden -Wno-shadow -Wno-unused -Wno-sign-compare -Wno-undef -Wno-missing-declarations -Wno-uninitialized -Wno-switch -Wno-parentheses -Wno-array-bounds -Wno-extra -Wno-deprecated-declarations -Wno-misleading-indentation -Wno-deprecated -Wno-suggest-override -Wno-implicit-fallthrough -Wno-tautological-compare  -fPIE   -Wno-missing-prototypes -std=c++11 -o CMakeFiles/cmTC_7cc0b.dir/src.cxx.o -c /home/pi/opencv/opencv-4.1.2/build/CMakeFiles/CMakeTmp/src.cxx
cc1plus: warning: command line option ‘-Wno-missing-prototypes’ is valid for C/ObjC but not for C++
/home/pi/opencv/opencv-4.1.2/build/CMakeFiles/CMakeTmp/src.cxx:1: warning: ignoring #pragma   [-Wunknown-pragmas]
 #pragma
 
Linking CXX executable cmTC_7cc0b
/usr/bin/cmake -E cmake_link_script CMakeFiles/cmTC_7cc0b.dir/link.txt --verbose=1
/usr/bin/c++     -fsigned-char -W -Wall -Werror=return-type -Werror=non-virtual-dtor -Werror=address -Werror=sequence-point -Wformat -Werror=format-security -Winit-self -Wpointer-arith -Wsign-promo -Winit-self -Wno-delete-non-virtual-dtor -Wno-comment -Wno-strict-overflow -fdiagnostics-show-option -pthread -fomit-frame-pointer -ffunction-sections -fdata-sections  -fvisibility=hidden -fvisibility-inlines-hidden -Wno-shadow -Wno-unused -Wno-sign-compare -Wno-undef -Wno-missing-declarations -Wno-uninitialized -Wno-switch -Wno-parentheses -Wno-array-bounds -Wno-extra -Wno-deprecated-declarations -Wno-misleading-indentation -Wno-deprecated -Wno-suggest-override -Wno-implicit-fallthrough -Wno-tautological-compare     -Wl,--gc-sections  CMakeFiles/cmTC_7cc0b.dir/src.cxx.o  -o cmTC_7cc0b -latomic 
make[1]: 디렉터리 '/home/pi/opencv/opencv-4.1.2/build/CMakeFiles/CMakeTmp' 나감

===== END =====

Determining if the function sgemm_ exists failed with the following output:
Change Dir: /home/pi/opencv/opencv-4.1.2/build/CMakeFiles/CMakeTmp

Run Build Command:"/usr/bin/make" "cmTC_3b6f9/fast"
/usr/bin/make -f CMakeFiles/cmTC_3b6f9.dir/build.make CMakeFiles/cmTC_3b6f9.dir/build
make[1]: 디렉터리 '/home/pi/opencv/opencv-4.1.2/build/CMakeFiles/CMakeTmp' 들어감
Building C object CMakeFiles/cmTC_3b6f9.dir/CheckFunctionExists.c.o
/usr/bin/cc   -fsigned-char -W -Wall -Werror=return-type -Werror=non-virtual-dtor -Werror=address -Werror=sequence-point -Wformat -Werror=format-security -Wmissing-declarations -Wmissing-prototypes -Wstrict-prototypes -Wundef -Winit-self -Wpointer-arith -Wshadow -Wuninitialized -Winit-self -Wno-comment -Wimplicit-fallthrough=3 -Wno-strict-overflow -fdiagnostics-show-option -pthread -fomit-frame-pointer -ffunction-sections -fdata-sections  -fvisibility=hidden -DCHECK_FUNCTION_EXISTS=sgemm_ -fPIE   -o CMakeFiles/cmTC_3b6f9.dir/CheckFunctionExists.c.o   -c /usr/share/cmake-3.13/Modules/CheckFunctionExists.c
Linking C executable cmTC_3b6f9
/usr/bin/cmake -E cmake_link_script CMakeFiles/cmTC_3b6f9.dir/link.txt --verbose=1
/usr/bin/cc    -fsigned-char -W -Wall -Werror=return-type -Werror=non-virtual-dtor -Werror=address -Werror=sequence-point -Wformat -Werror=format-security -Wmissing-declarations -Wmissing-prototypes -Wstrict-prototypes -Wundef -Winit-self -Wpointer-arith -Wshadow -Wuninitialized -Winit-self -Wno-comment -Wimplicit-fallthrough=3 -Wno-strict-overflow -fdiagnostics-show-option -pthread -fomit-frame-pointer -ffunction-sections -fdata-sections  -fvisibility=hidden -DCHECK_FUNCTION_EXISTS=sgemm_    -Wl,--gc-sections  CMakeFiles/cmTC_3b6f9.dir/CheckFunctionExists.c.o  -o cmTC_3b6f9 
/usr/bin/ld: CMakeFiles/cmTC_3b6f9.dir/CheckFunctionExists.c.o: in function `main':
CheckFunctionExists.c:(.text.main+0x10): undefined reference to `sgemm_'
collect2: error: ld returned 1 exit status
make[1]: *** [CMakeFiles/cmTC_3b6f9.dir/build.make:87: cmTC_3b6f9] 오류 1
make[1]: 디렉터리 '/home/pi/opencv/opencv-4.1.2/build/CMakeFiles/CMakeTmp' 나감
make: *** [Makefile:121: cmTC_3b6f9/fast] 오류 2


Build output check failed:
    Regex: 'unrecognized .*option'
    Output line: 'cc1plus: warning: unrecognized command line option ‘-Wno-tautological-undefined-compare’'
Compilation failed:
    source file: '/home/pi/opencv/opencv-4.1.2/build/CMakeFiles/CMakeTmp/src.cxx'
    check option: ' -Wno-tautological-undefined-compare'
===== BUILD LOG =====
Change Dir: /home/pi/opencv/opencv-4.1.2/build/CMakeFiles/CMakeTmp

Run Build Command:"/usr/bin/make" "cmTC_2e245/fast"
/usr/bin/make -f CMakeFiles/cmTC_2e245.dir/build.make CMakeFiles/cmTC_2e245.dir/build
make[1]: 디렉터리 '/home/pi/opencv/opencv-4.1.2/build/CMakeFiles/CMakeTmp' 들어감
Building CXX object CMakeFiles/cmTC_2e245.dir/src.cxx.o
/usr/bin/c++    -fsigned-char -W -Wall -Werror=return-type -Werror=non-virtual-dtor -Werror=address -Werror=sequence-point -Wformat -Werror=format-security -Winit-self -Wpointer-arith -Wuninitialized -Winit-self -Wsuggest-override -Wno-delete-non-virtual-dtor -Wno-comment -Wimplicit-fallthrough=3 -Wno-strict-overflow -fdiagnostics-show-option -pthread -fomit-frame-pointer -ffunction-sections -fdata-sections  -fvisibility=hidden -fvisibility-inlines-hidden -Wno-deprecated -Wno-missing-declarations -Wno-shadow -Wno-unused-parameter -Wno-unused-local-typedefs -Wno-sign-compare -Wno-sign-promo -Wno-undef  -fPIE   -Wno-tautological-undefined-compare -std=c++11 -o CMakeFiles/cmTC_2e245.dir/src.cxx.o -c /home/pi/opencv/opencv-4.1.2/build/CMakeFiles/CMakeTmp/src.cxx
/home/pi/opencv/opencv-4.1.2/build/CMakeFiles/CMakeTmp/src.cxx:1: warning: ignoring #pragma   [-Wunknown-pragmas]
 #pragma
 
cc1plus: warning: unrecognized command line option ‘-Wno-tautological-undefined-compare’
Linking CXX executable cmTC_2e245
/usr/bin/cmake -E cmake_link_script CMakeFiles/cmTC_2e245.dir/link.txt --verbose=1
/usr/bin/c++     -fsigned-char -W -Wall -Werror=return-type -Werror=non-virtual-dtor -Werror=address -Werror=sequence-point -Wformat -Werror=format-security -Winit-self -Wpointer-arith -Wuninitialized -Winit-self -Wsuggest-override -Wno-delete-non-virtual-dtor -Wno-comment -Wimplicit-fallthrough=3 -Wno-strict-overflow -fdiagnostics-show-option -pthread -fomit-frame-pointer -ffunction-sections -fdata-sections  -fvisibility=hidden -fvisibility-inlines-hidden -Wno-deprecated -Wno-missing-declarations -Wno-shadow -Wno-unused-parameter -Wno-unused-local-typedefs -Wno-sign-compare -Wno-sign-promo -Wno-undef     -Wl,--gc-sections  CMakeFiles/cmTC_2e245.dir/src.cxx.o  -o cmTC_2e245 -latomic 
make[1]: 디렉터리 '/home/pi/opencv/opencv-4.1.2/build/CMakeFiles/CMakeTmp' 나감

===== END =====

Build output check failed:
    Regex: 'unrecognized .*option'
    Output line: 'cc1plus: warning: unrecognized command line option ‘-Wno-shorten-64-to-32’'
Compilation failed:
    source file: '/home/pi/opencv/opencv-4.1.2/build/CMakeFiles/CMakeTmp/src.cxx'
    check option: ' -Wno-shorten-64-to-32'
===== BUILD LOG =====
Change Dir: /home/pi/opencv/opencv-4.1.2/build/CMakeFiles/CMakeTmp

Run Build Command:"/usr/bin/make" "cmTC_a19b7/fast"
/usr/bin/make -f CMakeFiles/cmTC_a19b7.dir/build.make CMakeFiles/cmTC_a19b7.dir/build
make[1]: 디렉터리 '/home/pi/opencv/opencv-4.1.2/build/CMakeFiles/CMakeTmp' 들어감
Building CXX object CMakeFiles/cmTC_a19b7.dir/src.cxx.o
/usr/bin/c++    -fsigned-char -W -Wall -Werror=return-type -Werror=non-virtual-dtor -Werror=address -Werror=sequence-point -Wformat -Werror=format-security -Winit-self -Wpointer-arith -Wuninitialized -Winit-self -Wsuggest-override -Wno-delete-non-virtual-dtor -Wno-comment -Wimplicit-fallthrough=3 -Wno-strict-overflow -fdiagnostics-show-option -pthread -fomit-frame-pointer -ffunction-sections -fdata-sections  -fvisibility=hidden -fvisibility-inlines-hidden -Wno-deprecated -Wno-missing-declarations -Wno-shadow -Wno-unused-parameter -Wno-unused-local-typedefs -Wno-sign-compare -Wno-sign-promo -Wno-undef -Wno-ignored-qualifiers -Wno-extra -Wno-unused-function -Wno-unused-const-variable  -fPIE   -Wno-shorten-64-to-32 -std=c++11 -o CMakeFiles/cmTC_a19b7.dir/src.cxx.o -c /home/pi/opencv/opencv-4.1.2/build/CMakeFiles/CMakeTmp/src.cxx
/home/pi/opencv/opencv-4.1.2/build/CMakeFiles/CMakeTmp/src.cxx:1: warning: ignoring #pragma   [-Wunknown-pragmas]
 #pragma
 
cc1plus: warning: unrecognized command line option ‘-Wno-shorten-64-to-32’
Linking CXX executable cmTC_a19b7
/usr/bin/cmake -E cmake_link_script CMakeFiles/cmTC_a19b7.dir/link.txt --verbose=1
/usr/bin/c++     -fsigned-char -W -Wall -Werror=return-type -Werror=non-virtual-dtor -Werror=address -Werror=sequence-point -Wformat -Werror=format-security -Winit-self -Wpointer-arith -Wuninitialized -Winit-self -Wsuggest-override -Wno-delete-non-virtual-dtor -Wno-comment -Wimplicit-fallthrough=3 -Wno-strict-overflow -fdiagnostics-show-option -pthread -fomit-frame-pointer -ffunction-sections -fdata-sections  -fvisibility=hidden -fvisibility-inlines-hidden -Wno-deprecated -Wno-missing-declarations -Wno-shadow -Wno-unused-parameter -Wno-unused-local-typedefs -Wno-sign-compare -Wno-sign-promo -Wno-undef -Wno-ignored-qualifiers -Wno-extra -Wno-unused-function -Wno-unused-const-variable     -Wl,--gc-sections  CMakeFiles/cmTC_a19b7.dir/src.cxx.o  -o cmTC_a19b7 -latomic 
make[1]: 디렉터리 '/home/pi/opencv/opencv-4.1.2/build/CMakeFiles/CMakeTmp' 나감

===== END =====

Build output check failed:
    Regex: 'unrecognized .*option'
    Output line: 'cc1plus: warning: unrecognized command line option ‘-Wno-enum-compare-switch’'
Compilation failed:
    source file: '/home/pi/opencv/opencv-4.1.2/build/CMakeFiles/CMakeTmp/src.cxx'
    check option: ' -Wno-enum-compare-switch'
===== BUILD LOG =====
Change Dir: /home/pi/opencv/opencv-4.1.2/build/CMakeFiles/CMakeTmp

Run Build Command:"/usr/bin/make" "cmTC_e3a59/fast"
/usr/bin/make -f CMakeFiles/cmTC_e3a59.dir/build.make CMakeFiles/cmTC_e3a59.dir/build
make[1]: 디렉터리 '/home/pi/opencv/opencv-4.1.2/build/CMakeFiles/CMakeTmp' 들어감
Building CXX object CMakeFiles/cmTC_e3a59.dir/src.cxx.o
/usr/bin/c++    -fsigned-char -W -Wall -Werror=return-type -Werror=non-virtual-dtor -Werror=address -Werror=sequence-point -Wformat -Werror=format-security -Winit-self -Wpointer-arith -Wuninitialized -Winit-self -Wsuggest-override -Wno-delete-non-virtual-dtor -Wno-comment -Wimplicit-fallthrough=3 -Wno-strict-overflow -fdiagnostics-show-option -pthread -fomit-frame-pointer -ffunction-sections -fdata-sections  -fvisibility=hidden -fvisibility-inlines-hidden -Wno-deprecated -Wno-missing-declarations -Wno-shadow -Wno-unused-parameter -Wno-unused-local-typedefs -Wno-sign-compare -Wno-sign-promo -Wno-undef -Wno-ignored-qualifiers -Wno-extra -Wno-unused-function -Wno-unused-const-variable -Wno-invalid-offsetof  -fPIE   -Wno-enum-compare-switch -std=c++11 -o CMakeFiles/cmTC_e3a59.dir/src.cxx.o -c /home/pi/opencv/opencv-4.1.2/build/CMakeFiles/CMakeTmp/src.cxx
/home/pi/opencv/opencv-4.1.2/build/CMakeFiles/CMakeTmp/src.cxx:1: warning: ignoring #pragma   [-Wunknown-pragmas]
 #pragma
 
cc1plus: warning: unrecognized command line option ‘-Wno-enum-compare-switch’
Linking CXX executable cmTC_e3a59
/usr/bin/cmake -E cmake_link_script CMakeFiles/cmTC_e3a59.dir/link.txt --verbose=1
/usr/bin/c++     -fsigned-char -W -Wall -Werror=return-type -Werror=non-virtual-dtor -Werror=address -Werror=sequence-point -Wformat -Werror=format-security -Winit-self -Wpointer-arith -Wuninitialized -Winit-self -Wsuggest-override -Wno-delete-non-virtual-dtor -Wno-comment -Wimplicit-fallthrough=3 -Wno-strict-overflow -fdiagnostics-show-option -pthread -fomit-frame-pointer -ffunction-sections -fdata-sections  -fvisibility=hidden -fvisibility-inlines-hidden -Wno-deprecated -Wno-missing-declarations -Wno-shadow -Wno-unused-parameter -Wno-unused-local-typedefs -Wno-sign-compare -Wno-sign-promo -Wno-undef -Wno-ignored-qualifiers -Wno-extra -Wno-unused-function -Wno-unused-const-variable -Wno-invalid-offsetof     -Wl,--gc-sections  CMakeFiles/cmTC_e3a59.dir/src.cxx.o  -o cmTC_e3a59 -latomic 
make[1]: 디렉터리 '/home/pi/opencv/opencv-4.1.2/build/CMakeFiles/CMakeTmp' 나감

===== END =====

Determining if the include file sys/videoio.h exists failed with the following output:
Change Dir: /home/pi/opencv/opencv-4.1.2/build/CMakeFiles/CMakeTmp

Run Build Command:"/usr/bin/make" "cmTC_f391f/fast"
/usr/bin/make -f CMakeFiles/cmTC_f391f.dir/build.make CMakeFiles/cmTC_f391f.dir/build
make[1]: 디렉터리 '/home/pi/opencv/opencv-4.1.2/build/CMakeFiles/CMakeTmp' 들어감
Building C object CMakeFiles/cmTC_f391f.dir/CheckIncludeFile.c.o
/usr/bin/cc   -fsigned-char -W -Wall -Werror=return-type -Werror=non-virtual-dtor -Werror=address -Werror=sequence-point -Wformat -Werror=format-security -Wmissing-declarations -Wmissing-prototypes -Wstrict-prototypes -Wundef -Winit-self -Wpointer-arith -Wshadow -Wuninitialized -Winit-self -Wno-comment -Wimplicit-fallthrough=3 -Wno-strict-overflow -fdiagnostics-show-option -pthread -fomit-frame-pointer -ffunction-sections -fdata-sections  -fvisibility=hidden  -fPIE   -o CMakeFiles/cmTC_f391f.dir/CheckIncludeFile.c.o   -c /home/pi/opencv/opencv-4.1.2/build/CMakeFiles/CMakeTmp/CheckIncludeFile.c
/home/pi/opencv/opencv-4.1.2/build/CMakeFiles/CMakeTmp/CheckIncludeFile.c:1:10: fatal error: sys/videoio.h: 그런 파일이나 디렉터리가 없습니다
 #include <sys/videoio.h>
          ^~~~~~~~~~~~~~~
compilation terminated.
make[1]: *** [CMakeFiles/cmTC_f391f.dir/build.make:66: CMakeFiles/cmTC_f391f.dir/CheckIncludeFile.c.o] 오류 1
make[1]: 디렉터리 '/home/pi/opencv/opencv-4.1.2/build/CMakeFiles/CMakeTmp' 나감
make: *** [Makefile:121: cmTC_f391f/fast] 오류 2


Build output check failed:
    Regex: 'unrecognized .*option'
    Output line: 'cc1plus: warning: unrecognized command line option ‘-Wno-unused-private-field’'
Compilation failed:
    source file: '/home/pi/opencv/opencv-4.1.2/build/CMakeFiles/CMakeTmp/src.cxx'
    check option: ' -Wno-unused-private-field'
===== BUILD LOG =====
Change Dir: /home/pi/opencv/opencv-4.1.2/build/CMakeFiles/CMakeTmp

Run Build Command:"/usr/bin/make" "cmTC_aa914/fast"
/usr/bin/make -f CMakeFiles/cmTC_aa914.dir/build.make CMakeFiles/cmTC_aa914.dir/build
make[1]: 디렉터리 '/home/pi/opencv/opencv-4.1.2/build/CMakeFiles/CMakeTmp' 들어감
Building CXX object CMakeFiles/cmTC_aa914.dir/src.cxx.o
/usr/bin/c++    -fsigned-char -W -Wall -Werror=return-type -Werror=non-virtual-dtor -Werror=address -Werror=sequence-point -Wformat -Werror=format-security -Wmissing-declarations -Wundef -Winit-self -Wpointer-arith -Wshadow -Wsign-promo -Wuninitialized -Winit-self -Wsuggest-override -Wno-delete-non-virtual-dtor -Wno-comment -Wimplicit-fallthrough=3 -Wno-strict-overflow -fdiagnostics-show-option -pthread -fomit-frame-pointer -ffunction-sections -fdata-sections  -fvisibility=hidden -fvisibility-inlines-hidden -Wno-unused-function -Wno-deprecated-declarations -Wno-overloaded-virtual  -fPIE   -Wno-unused-private-field -std=c++11 -o CMakeFiles/cmTC_aa914.dir/src.cxx.o -c /home/pi/opencv/opencv-4.1.2/build/CMakeFiles/CMakeTmp/src.cxx
/home/pi/opencv/opencv-4.1.2/build/CMakeFiles/CMakeTmp/src.cxx:1: warning: ignoring #pragma   [-Wunknown-pragmas]
 #pragma
 
cc1plus: warning: unrecognized command line option ‘-Wno-unused-private-field’
Linking CXX executable cmTC_aa914
/usr/bin/cmake -E cmake_link_script CMakeFiles/cmTC_aa914.dir/link.txt --verbose=1
/usr/bin/c++     -fsigned-char -W -Wall -Werror=return-type -Werror=non-virtual-dtor -Werror=address -Werror=sequence-point -Wformat -Werror=format-security -Wmissing-declarations -Wundef -Winit-self -Wpointer-arith -Wshadow -Wsign-promo -Wuninitialized -Winit-self -Wsuggest-override -Wno-delete-non-virtual-dtor -Wno-comment -Wimplicit-fallthrough=3 -Wno-strict-overflow -fdiagnostics-show-option -pthread -fomit-frame-pointer -ffunction-sections -fdata-sections  -fvisibility=hidden -fvisibility-inlines-hidden -Wno-unused-function -Wno-deprecated-declarations -Wno-overloaded-virtual     -Wl,--gc-sections  CMakeFiles/cmTC_aa914.dir/src.cxx.o  -o cmTC_aa914 -latomic 
make[1]: 디렉터리 '/home/pi/opencv/opencv-4.1.2/build/CMakeFiles/CMakeTmp' 나감

===== END =====

